<?xml version="1.0" encoding="UTF-8"?>
<testsuite xmlns:xsi="http://www.w3.org/2001/XMLSchema-instance" xsi:noNamespaceSchemaLocation="https://maven.apache.org/surefire/maven-surefire-plugin/xsd/surefire-test-report.xsd" name="formalslang.analyzer.AppTest" time="0.048" tests="1" errors="0" skipped="0" failures="0">
  <properties>
    <property name="java.specification.version" value="13"/>
    <property name="sun.jnu.encoding" value="UTF-8"/>
    <property name="java.class.path" value="/home/sirbon/Documents/StudentFiles/segundoSemestre2023/Lenguajes/Practicas/Lab/Primera practica/analyzer/target/test-classes:/home/sirbon/Documents/StudentFiles/segundoSemestre2023/Lenguajes/Practicas/Lab/Primera practica/analyzer/target/classes:/home/sirbon/.m2/repository/junit/junit/4.11/junit-4.11.jar:/home/sirbon/.m2/repository/org/hamcrest/hamcrest-core/1.3/hamcrest-core-1.3.jar:/home/sirbon/.m2/repository/org/projectlombok/lombok/1.18.26/lombok-1.18.26.jar:/home/sirbon/.m2/repository/org/netbeans/external/AbsoluteLayout/RELEASE122/AbsoluteLayout-RELEASE122.jar:/home/sirbon/.m2/repository/guru/nidi/graphviz-java/0.18.1/graphviz-java-0.18.1.jar:/home/sirbon/.m2/repository/org/webjars/npm/viz.js-graphviz-java/2.1.3/viz.js-graphviz-java-2.1.3.jar:/home/sirbon/.m2/repository/guru/nidi/com/kitfox/svgSalamander/1.1.3/svgSalamander-1.1.3.jar:/home/sirbon/.m2/repository/net/arnx/nashorn-promise/0.1.1/nashorn-promise-0.1.1.jar:/home/sirbon/.m2/repository/org/apache/commons/commons-exec/1.3/commons-exec-1.3.jar:/home/sirbon/.m2/repository/com/google/code/findbugs/jsr305/3.0.2/jsr305-3.0.2.jar:/home/sirbon/.m2/repository/org/slf4j/jcl-over-slf4j/1.7.30/jcl-over-slf4j-1.7.30.jar:/home/sirbon/.m2/repository/org/slf4j/jul-to-slf4j/1.7.30/jul-to-slf4j-1.7.30.jar:/home/sirbon/.m2/repository/guru/nidi/com/eclipsesource/j2v8/j2v8_linux_x86_64/4.6.0/j2v8_linux_x86_64-4.6.0.jar:/home/sirbon/.m2/repository/org/slf4j/slf4j-api/1.7.30/slf4j-api-1.7.30.jar:"/>
    <property name="java.vm.vendor" value="Private Build"/>
    <property name="sun.arch.data.model" value="64"/>
    <property name="java.vendor.url" value="Unknown"/>
    <property name="os.name" value="Linux"/>
    <property name="java.vm.specification.version" value="13"/>
    <property name="sun.java.launcher" value="SUN_STANDARD"/>
    <property name="user.country" value="ES"/>
    <property name="sun.boot.library.path" value="/usr/lib/jvm/java-13-openjdk-amd64/lib"/>
    <property name="sun.java.command" value="/home/sirbon/Documents/StudentFiles/segundoSemestre2023/Lenguajes/Practicas/Lab/Primera practica/analyzer/target/surefire/surefirebooter1155988841220469109.jar /home/sirbon/Documents/StudentFiles/segundoSemestre2023/Lenguajes/Practicas/Lab/Primera practica/analyzer/target/surefire 2023-08-22T20-25-55_447-jvmRun1 surefire17977038046470571003tmp surefire_09932667555679789193tmp"/>
    <property name="jdk.debug" value="release"/>
    <property name="surefire.test.class.path" value="/home/sirbon/Documents/StudentFiles/segundoSemestre2023/Lenguajes/Practicas/Lab/Primera practica/analyzer/target/test-classes:/home/sirbon/Documents/StudentFiles/segundoSemestre2023/Lenguajes/Practicas/Lab/Primera practica/analyzer/target/classes:/home/sirbon/.m2/repository/junit/junit/4.11/junit-4.11.jar:/home/sirbon/.m2/repository/org/hamcrest/hamcrest-core/1.3/hamcrest-core-1.3.jar:/home/sirbon/.m2/repository/org/projectlombok/lombok/1.18.26/lombok-1.18.26.jar:/home/sirbon/.m2/repository/org/netbeans/external/AbsoluteLayout/RELEASE122/AbsoluteLayout-RELEASE122.jar:/home/sirbon/.m2/repository/guru/nidi/graphviz-java/0.18.1/graphviz-java-0.18.1.jar:/home/sirbon/.m2/repository/org/webjars/npm/viz.js-graphviz-java/2.1.3/viz.js-graphviz-java-2.1.3.jar:/home/sirbon/.m2/repository/guru/nidi/com/kitfox/svgSalamander/1.1.3/svgSalamander-1.1.3.jar:/home/sirbon/.m2/repository/net/arnx/nashorn-promise/0.1.1/nashorn-promise-0.1.1.jar:/home/sirbon/.m2/repository/org/apache/commons/commons-exec/1.3/commons-exec-1.3.jar:/home/sirbon/.m2/repository/com/google/code/findbugs/jsr305/3.0.2/jsr305-3.0.2.jar:/home/sirbon/.m2/repository/org/slf4j/jcl-over-slf4j/1.7.30/jcl-over-slf4j-1.7.30.jar:/home/sirbon/.m2/repository/org/slf4j/jul-to-slf4j/1.7.30/jul-to-slf4j-1.7.30.jar:/home/sirbon/.m2/repository/guru/nidi/com/eclipsesource/j2v8/j2v8_linux_x86_64/4.6.0/j2v8_linux_x86_64-4.6.0.jar:/home/sirbon/.m2/repository/org/slf4j/slf4j-api/1.7.30/slf4j-api-1.7.30.jar:"/>
    <property name="sun.cpu.endian" value="little"/>
    <property name="user.home" value="/home/sirbon"/>
    <property name="user.language" value="es"/>
    <property name="java.specification.vendor" value="Oracle Corporation"/>
    <property name="java.version.date" value="2021-04-20"/>
    <property name="java.home" value="/usr/lib/jvm/java-13-openjdk-amd64"/>
    <property name="file.separator" value="/"/>
    <property name="basedir" value="/home/sirbon/Documents/StudentFiles/segundoSemestre2023/Lenguajes/Practicas/Lab/Primera practica/analyzer"/>
    <property name="java.vm.compressedOopsMode" value="32-bit"/>
    <property name="line.separator" value="&#10;"/>
    <property name="java.vm.specification.vendor" value="Oracle Corporation"/>
    <property name="java.specification.name" value="Java Platform API Specification"/>
    <property name="surefire.real.class.path" value="/home/sirbon/Documents/StudentFiles/segundoSemestre2023/Lenguajes/Practicas/Lab/Primera practica/analyzer/target/surefire/surefirebooter1155988841220469109.jar"/>
    <property name="sun.management.compiler" value="HotSpot 64-Bit Tiered Compilers"/>
    <property name="java.runtime.version" value="13.0.7+5-Ubuntu-0ubuntu120.04"/>
    <property name="user.name" value="sirbon"/>
    <property name="path.separator" value=":"/>
    <property name="os.version" value="5.15.0-79-generic"/>
    <property name="java.runtime.name" value="OpenJDK Runtime Environment"/>
    <property name="file.encoding" value="UTF-8"/>
    <property name="java.vm.name" value="OpenJDK 64-Bit Server VM"/>
    <property name="maven.ext.class.path" value="/home/sirbon/netbeans-12.2/netbeans/java/maven-nblib/netbeans-eventspy.jar"/>
    <property name="localRepository" value="/home/sirbon/.m2/repository"/>
    <property name="java.vendor.url.bug" value="Unknown"/>
    <property name="java.io.tmpdir" value="/tmp"/>
    <property name="java.version" value="13.0.7"/>
    <property name="user.dir" value="/home/sirbon/Documents/StudentFiles/segundoSemestre2023/Lenguajes/Practicas/Lab/Primera practica/analyzer"/>
    <property name="os.arch" value="amd64"/>
    <property name="java.vm.specification.name" value="Java Virtual Machine Specification"/>
    <property name="java.library.path" value="/usr/java/packages/lib:/usr/lib/x86_64-linux-gnu/jni:/lib/x86_64-linux-gnu:/usr/lib/x86_64-linux-gnu:/usr/lib/jni:/lib:/usr/lib"/>
    <property name="java.vm.info" value="mixed mode"/>
    <property name="java.vendor" value="Private Build"/>
    <property name="java.vm.version" value="13.0.7+5-Ubuntu-0ubuntu120.04"/>
    <property name="sun.io.unicode.encoding" value="UnicodeLittle"/>
    <property name="java.class.version" value="57.0"/>
  </properties>
  <testcase name="shouldAnswerWithTrue" classname="formalslang.analyzer.AppTest" time="0.003"/>
</testsuite>